<?xml version="1.0" encoding="UTF-8"?>
<beans xmlns="http://www.springframework.org/schema/beans"
       xmlns:context="http://www.springframework.org/schema/context"
       xmlns:xsi="http://www.w3.org/2001/XMLSchema-instance"
       xmlns:tx="http://www.springframework.org/schema/tx"
       xsi:schemaLocation="http://www.springframework.org/schema/beans
		http://www.springframework.org/schema/beans/spring-beans.xsd
		http://www.springframework.org/schema/context
		http://www.springframework.org/schema/context/spring-context.xsd
		http://www.springframework.org/schema/tx
        http://www.springframework.org/schema/tx/spring-tx.xsd">

    <context:component-scan base-package="com.cpwr.gdo.simulator"/>
    <context:annotation-config/>


    <import resource="test-jpa-context.xml"/>
    <import resource="test-security-context.xml"/>

    <tx:annotation-driven transaction-manager="transactionManager" mode="aspectj"/>

    <bean id="xpathParserService" class="com.cpwr.gdo.simulator.service.WsSimulatorService"/>

</beans>