<?xml version="1.0" encoding="UTF-8"?>
<beans xmlns="http://www.springframework.org/schema/beans"
       xmlns:xsi="http://www.w3.org/2001/XMLSchema-instance"
       xmlns:jpa="http://www.springframework.org/schema/data/jpa"
       xmlns:jdbc="http://www.springframework.org/schema/jdbc"
       xsi:schemaLocation="
		http://www.springframework.org/schema/beans
		http://www.springframework.org/schema/beans/spring-beans.xsd
        http://www.springframework.org/schema/data/jpa
        http://www.springframework.org/schema/data/jpa/spring-jpa.xsd
        http://www.springframework.org/schema/jdbc
        http://www.springframework.org/schema/jdbc/spring-jdbc.xsd">

    <!-- Directory to scan for repository classes -->
    <jpa:repositories base-package="com.cpwr.gdo.simulator.dao.repository"/>

    <bean class="org.springframework.orm.jpa.JpaTransactionManager"
          id="transactionManager">
        <property name="entityManagerFactory" ref="entityManagerFactory"/>
        <property name="jpaDialect">
            <bean class="org.springframework.orm.jpa.vendor.OpenJpaDialect"/>
        </property>
    </bean>

    <bean id="entityManagerFactory"
          class="org.springframework.orm.jpa.LocalContainerEntityManagerFactoryBean">
        <property name="dataSource" ref="dataSource"/>
        <property name="persistenceUnitName" value="testWsSimulator"/>
        <property name="jpaVendorAdapter">
            <bean class="org.springframework.orm.jpa.vendor.OpenJpaVendorAdapter">
                <property name="showSql" value="true"/>
                <property name="generateDdl" value="true"/>
                <property name="database" value="HSQL"/>
            </bean>
        </property>
    </bean>

    <jdbc:embedded-database id="dataSource" type="HSQL">
    </jdbc:embedded-database>

    <jpa:auditing auditor-aware-ref="auditorStringAware"/>
    <bean id="auditorStringAware" class="com.cpwr.gdo.simulator.service.auditing.AuditorStringAware"></bean>

</beans>